2024-11-06 12:05:51,278 [main] ERROR es.ciudadescolar.Main                    - Error de parametros. Se esperaba [nombre fichero BBDDOO]
2024-11-06 12:06:21,980 [main] INFO  es.ciudadescolar.BBDDOO                  - BDD abierta... [C:\Users\alumno\eclipse-workspace\curso2425_UD4_BBDDOO\alumnosDB.db4o]
2024-11-06 12:06:21,994 [main] DEBUG es.ciudadescolar.BBDDOO                  - Se ha guardado correctamente el alumno [Alumno [expediente=9999, nombre=Paco, edad=20, curso=DAM2, instituto=IES Ciudad Escolar]
2024-11-06 12:06:22,001 [main] INFO  es.ciudadescolar.BBDDOO                  - BDD cerrada correctamente... [C:\Users\alumno\eclipse-workspace\curso2425_UD4_BBDDOO\alumnosDB.db4o]
2024-11-06 12:22:13,951 [main] WARN  es.ciudadescolar.BBDDOO                  - BDD existente. Se procede a borrar
2024-11-06 12:22:14,114 [main] INFO  es.ciudadescolar.BBDDOO                  - BDD abierta... [C:\Users\alumno\eclipse-workspace\curso2425_UD4_BBDDOO\alumnosDB.db4o]
2024-11-06 12:22:14,127 [main] DEBUG es.ciudadescolar.BBDDOO                  - Se ha guardado correctamente el alumno [Alumno [expediente=9999, nombre=Paco, edad=20, curso=DAM2, instituto=IES Ciudad Escolar]
2024-11-06 12:22:14,132 [main] INFO  es.ciudadescolar.Main                    - Alumno [expediente=9999, nombre=Paco, edad=20, curso=DAM2, instituto=IES Ciudad Escolar]
2024-11-06 12:22:14,139 [main] INFO  es.ciudadescolar.BBDDOO                  - BDD cerrada correctamente... [C:\Users\alumno\eclipse-workspace\curso2425_UD4_BBDDOO\alumnosDB.db4o]
2024-11-06 12:22:22,138 [main] WARN  es.ciudadescolar.BBDDOO                  - BDD existente. Se procede a borrar
2024-11-06 12:22:22,305 [main] INFO  es.ciudadescolar.BBDDOO                  - BDD abierta... [C:\Users\alumno\eclipse-workspace\curso2425_UD4_BBDDOO\alumnosDB.db4o]
2024-11-06 12:22:22,315 [main] DEBUG es.ciudadescolar.BBDDOO                  - Se ha guardado correctamente el alumno [Alumno [expediente=9999, nombre=Paco, edad=20, curso=DAM2, instituto=IES Ciudad Escolar]
2024-11-06 12:22:22,322 [main] WARN  es.ciudadescolar.BBDDOO                  - No se ha encontrado alumnos con expediente [4444]
2024-11-06 12:23:32,294 [main] WARN  es.ciudadescolar.BBDDOO                  - BDD existente. Se procede a borrar
2024-11-06 12:23:32,461 [main] INFO  es.ciudadescolar.BBDDOO                  - BDD abierta... [C:\Users\alumno\eclipse-workspace\curso2425_UD4_BBDDOO\alumnosDB.db4o]
2024-11-06 12:23:32,471 [main] DEBUG es.ciudadescolar.BBDDOO                  - Se ha guardado correctamente el alumno [Alumno [expediente=9999, nombre=Paco, edad=20, curso=DAM2, instituto=IES Ciudad Escolar]
2024-11-06 12:23:32,476 [main] WARN  es.ciudadescolar.BBDDOO                  - No se ha encontrado alumnos con expediente [4444]
2024-11-06 12:23:32,483 [main] INFO  es.ciudadescolar.BBDDOO                  - BDD cerrada correctamente... [C:\Users\alumno\eclipse-workspace\curso2425_UD4_BBDDOO\alumnosDB.db4o]
2024-11-07 12:53:22,519 [main] WARN  es.ciudadescolar.BBDDOO                  - BDD existente. Se procede a borrar
2024-11-07 12:53:22,685 [main] INFO  es.ciudadescolar.BBDDOO                  - BDD abierta... [C:\Users\alumno\eclipse-workspace\curso2425_UD4_BBDDOO\alumnosDB.db4o]
2024-11-07 12:53:22,704 [main] DEBUG es.ciudadescolar.BBDDOO                  - Se ha guardado correctamente el alumno [Alumno [expediente=9999, nombre=Paco, edad=20, curso=DAM2, instituto=IES Ciudad Escolar]
2024-11-07 12:53:22,709 [main] WARN  es.ciudadescolar.BBDDOO                  - No se ha encontrado alumnos con expediente [4444]
2024-11-07 12:53:22,717 [main] INFO  es.ciudadescolar.BBDDOO                  - BDD cerrada correctamente... [C:\Users\alumno\eclipse-workspace\curso2425_UD4_BBDDOO\alumnosDB.db4o]
2024-11-07 13:02:26,541 [main] WARN  es.ciudadescolar.BBDDOO                  - BDD existente. Se procede a borrar
2024-11-07 13:02:26,726 [main] INFO  es.ciudadescolar.BBDDOO                  - BDD abierta... [C:\Users\alumno\eclipse-workspace\curso2425_UD4_BBDDOO\alumnosDB.db4o]
2024-11-07 13:02:26,737 [main] DEBUG es.ciudadescolar.BBDDOO                  - Se ha guardado correctamente el alumno [Alumno [expediente=9999, nombre=Paco, edad=20, curso=DAM2, instituto=IES Ciudad Escolar]
2024-11-07 13:02:26,743 [main] WARN  es.ciudadescolar.BBDDOO                  - No se ha encontrado alumnos con expediente [4444]
2024-11-07 13:02:26,750 [main] INFO  es.ciudadescolar.BBDDOO                  - BDD cerrada correctamente... [C:\Users\alumno\eclipse-workspace\curso2425_UD4_BBDDOO\alumnosDB.db4o]
2024-11-07 13:07:17,547 [main] WARN  es.ciudadescolar.BBDDOO                  - BDD existente. Se procede a borrar
2024-11-07 13:07:17,714 [main] INFO  es.ciudadescolar.BBDDOO                  - BDD abierta... [C:\Users\alumno\eclipse-workspace\curso2425_UD4_BBDDOO\alumnosDB.db4o]
2024-11-07 13:07:17,724 [main] DEBUG es.ciudadescolar.BBDDOO                  - Se ha guardado correctamente el alumno [Alumno [expediente=9999, nombre=Paco, edad=20, curso=DAM2, instituto=IES Ciudad Escolar]
2024-11-07 13:07:17,729 [main] WARN  es.ciudadescolar.BBDDOO                  - No se ha encontrado alumnos con expediente [4444]
2024-11-07 13:12:05,728 [main] WARN  es.ciudadescolar.BBDDOO                  - BDD existente. Se procede a borrar
2024-11-07 13:12:05,894 [main] INFO  es.ciudadescolar.BBDDOO                  - BDD abierta... [C:\Users\alumno\eclipse-workspace\curso2425_UD4_BBDDOO\alumnosDB.db4o]
2024-11-07 13:12:05,905 [main] DEBUG es.ciudadescolar.BBDDOO                  - Se ha guardado correctamente el alumno [Alumno [expediente=9999, nombre=Paco, edad=20, curso=DAM2, instituto=IES Ciudad Escolar]
2024-11-07 13:12:05,911 [main] INFO  es.ciudadescolar.BBDDOO                  - Alumno [expediente=9999, nombre=Paco, edad=20, curso=DAM2, instituto=IES Ciudad Escolar]
2024-11-07 13:12:05,919 [main] INFO  es.ciudadescolar.BBDDOO                  - BDD cerrada correctamente... [C:\Users\alumno\eclipse-workspace\curso2425_UD4_BBDDOO\alumnosDB.db4o]
2024-11-07 13:12:05,919 [main] DEBUG es.ciudadescolar.Main                    - Abriendo BDD abierta sin borrar...
2024-11-07 13:12:05,936 [main] INFO  es.ciudadescolar.BBDDOO                  - BDD abierta... [C:\Users\alumno\eclipse-workspace\curso2425_UD4_BBDDOO\alumnosDB.db4o]
2024-11-07 13:12:05,938 [main] INFO  es.ciudadescolar.Main                    - Alumno encontrado [Alumno [expediente=9999, nombre=Paco, edad=20, curso=DAM2, instituto=IES Ciudad Escolar]]
2024-11-07 13:12:05,941 [main] INFO  es.ciudadescolar.BBDDOO                  - BDD cerrada correctamente... [C:\Users\alumno\eclipse-workspace\curso2425_UD4_BBDDOO\alumnosDB.db4o]
2024-11-07 13:12:05,953 [main] INFO  es.ciudadescolar.BBDDOO                  - BDD abierta... [C:\Users\alumno\eclipse-workspace\curso2425_UD4_BBDDOO\alumnosDB.db4o]
2024-11-07 13:12:05,955 [main] DEBUG es.ciudadescolar.BBDDOO                  - Se ha modificado correctamente el alumno.
2024-11-07 13:12:05,956 [main] INFO  es.ciudadescolar.Main                    - Alumno encontrado [Alumno [expediente=9999, nombre=Paco, edad=24, curso=DAM2, instituto=IES Ciudad Escolar]]
2024-11-07 13:12:05,962 [main] INFO  es.ciudadescolar.BBDDOO                  - BDD cerrada correctamente... [C:\Users\alumno\eclipse-workspace\curso2425_UD4_BBDDOO\alumnosDB.db4o]
2024-11-07 13:19:21,729 [main] WARN  es.ciudadescolar.BBDDOO                  - BDD existente. Se procede a borrar
2024-11-07 13:19:21,898 [main] INFO  es.ciudadescolar.BBDDOO                  - BDD abierta... [C:\Users\alumno\eclipse-workspace\curso2425_UD4_BBDDOO\alumnosDB.db4o]
2024-11-07 13:19:21,908 [main] DEBUG es.ciudadescolar.BBDDOO                  - Se ha guardado correctamente el alumno [Alumno [expediente=9999, nombre=Paco, edad=20, curso=DAM2, instituto=IES Ciudad Escolar]
2024-11-07 13:19:21,913 [main] INFO  es.ciudadescolar.BBDDOO                  - Alumno [expediente=9999, nombre=Paco, edad=20, curso=DAM2, instituto=IES Ciudad Escolar]
2024-11-07 13:19:21,921 [main] INFO  es.ciudadescolar.BBDDOO                  - BDD cerrada correctamente... [C:\Users\alumno\eclipse-workspace\curso2425_UD4_BBDDOO\alumnosDB.db4o]
2024-11-07 13:19:21,921 [main] DEBUG es.ciudadescolar.Main                    - Abriendo BDD abierta sin borrar...
2024-11-07 13:19:21,936 [main] INFO  es.ciudadescolar.BBDDOO                  - BDD abierta... [C:\Users\alumno\eclipse-workspace\curso2425_UD4_BBDDOO\alumnosDB.db4o]
2024-11-07 13:19:21,938 [main] INFO  es.ciudadescolar.BBDDOO                  - Visualizando los alumnos obtenidos de la BDD
2024-11-07 13:19:21,939 [main] INFO  es.ciudadescolar.BBDDOO                  - Alumno encontrado [Alumno [expediente=9999, nombre=Paco, edad=20, curso=DAM2, instituto=IES Ciudad Escolar]]
2024-11-07 13:19:21,940 [main] INFO  es.ciudadescolar.BBDDOO                  - BDD cerrada correctamente... [C:\Users\alumno\eclipse-workspace\curso2425_UD4_BBDDOO\alumnosDB.db4o]
2024-11-07 13:19:21,950 [main] INFO  es.ciudadescolar.BBDDOO                  - BDD abierta... [C:\Users\alumno\eclipse-workspace\curso2425_UD4_BBDDOO\alumnosDB.db4o]
2024-11-07 13:19:21,951 [main] DEBUG es.ciudadescolar.Main                    - Se procede a cambiar la edad del alumno con expediente [9999]
2024-11-07 13:19:21,953 [main] DEBUG es.ciudadescolar.BBDDOO                  - Se ha modificado correctamente el alumno.
2024-11-07 13:19:21,953 [main] INFO  es.ciudadescolar.BBDDOO                  - Visualizando los alumnos obtenidos de la BDD
2024-11-07 13:19:21,953 [main] INFO  es.ciudadescolar.BBDDOO                  - Alumno encontrado [Alumno [expediente=9999, nombre=Paco, edad=24, curso=DAM2, instituto=IES Ciudad Escolar]]
2024-11-07 13:19:21,957 [main] INFO  es.ciudadescolar.BBDDOO                  - BDD cerrada correctamente... [C:\Users\alumno\eclipse-workspace\curso2425_UD4_BBDDOO\alumnosDB.db4o]
2024-11-07 13:33:38,188 [main] WARN  es.ciudadescolar.BBDDOO                  - BDD existente. Se procede a borrar
2024-11-07 13:33:38,354 [main] INFO  es.ciudadescolar.BBDDOO                  - BDD abierta... [C:\Users\alumno\eclipse-workspace\curso2425_UD4_BBDDOO\alumnosDB.db4o]
2024-11-07 13:33:38,366 [main] DEBUG es.ciudadescolar.BBDDOO                  - Se ha guardado correctamente el alumno [Alumno [expediente=9999, nombre=Paco, edad=20, curso=DAM2, instituto=IES Ciudad Escolar]
2024-11-07 13:33:38,371 [main] INFO  es.ciudadescolar.BBDDOO                  - Alumno [expediente=9999, nombre=Paco, edad=20, curso=DAM2, instituto=IES Ciudad Escolar]
2024-11-07 13:33:38,379 [main] INFO  es.ciudadescolar.BBDDOO                  - BDD cerrada correctamente... [C:\Users\alumno\eclipse-workspace\curso2425_UD4_BBDDOO\alumnosDB.db4o]
2024-11-07 13:33:38,379 [main] DEBUG es.ciudadescolar.Main                    - Abriendo BDD abierta sin borrar...
2024-11-07 13:33:38,395 [main] INFO  es.ciudadescolar.BBDDOO                  - BDD abierta... [C:\Users\alumno\eclipse-workspace\curso2425_UD4_BBDDOO\alumnosDB.db4o]
2024-11-07 13:33:38,396 [main] INFO  es.ciudadescolar.BBDDOO                  - Visualizando los alumnos obtenidos de la BDD
2024-11-07 13:33:38,397 [main] INFO  es.ciudadescolar.BBDDOO                  - Alumno encontrado [Alumno [expediente=9999, nombre=Paco, edad=20, curso=DAM2, instituto=IES Ciudad Escolar]]
2024-11-07 13:33:38,401 [main] INFO  es.ciudadescolar.BBDDOO                  - BDD cerrada correctamente... [C:\Users\alumno\eclipse-workspace\curso2425_UD4_BBDDOO\alumnosDB.db4o]
2024-11-07 13:33:38,413 [main] INFO  es.ciudadescolar.BBDDOO                  - BDD abierta... [C:\Users\alumno\eclipse-workspace\curso2425_UD4_BBDDOO\alumnosDB.db4o]
2024-11-07 13:33:38,413 [main] DEBUG es.ciudadescolar.Main                    - Se procede a cambiar la edad del alumno con expediente [9999]
2024-11-07 13:33:38,415 [main] DEBUG es.ciudadescolar.BBDDOO                  - Se ha modificado correctamente el alumno.
2024-11-07 13:33:38,415 [main] INFO  es.ciudadescolar.BBDDOO                  - Visualizando los alumnos obtenidos de la BDD
2024-11-07 13:33:38,415 [main] INFO  es.ciudadescolar.BBDDOO                  - Alumno encontrado [Alumno [expediente=9999, nombre=Paco, edad=24, curso=DAM2, instituto=IES Ciudad Escolar]]
2024-11-07 13:33:38,418 [main] DEBUG es.ciudadescolar.BBDDOO                  - Se ha borrado un alumno
2024-11-07 13:33:38,419 [main] INFO  es.ciudadescolar.BBDDOO                  - Visualizando los alumnos obtenidos de la BDD
2024-11-07 13:33:38,425 [main] INFO  es.ciudadescolar.BBDDOO                  - BDD cerrada correctamente... [C:\Users\alumno\eclipse-workspace\curso2425_UD4_BBDDOO\alumnosDB.db4o]
2024-11-07 13:37:02,815 [main] WARN  es.ciudadescolar.BBDDOO                  - BDD existente. Se procede a borrar
2024-11-07 13:37:02,984 [main] INFO  es.ciudadescolar.BBDDOO                  - BDD abierta... [C:\Users\alumno\eclipse-workspace\curso2425_UD4_BBDDOO\alumnosDB.db4o]
2024-11-07 13:37:02,994 [main] DEBUG es.ciudadescolar.BBDDOO                  - Se ha guardado correctamente el alumno [Alumno [expediente=9999, nombre=Paco, edad=20, curso=DAM2, instituto=IES Ciudad Escolar]
2024-11-07 13:37:03,000 [main] INFO  es.ciudadescolar.BBDDOO                  - Alumno [expediente=9999, nombre=Paco, edad=20, curso=DAM2, instituto=IES Ciudad Escolar]
2024-11-07 13:37:03,001 [main] INFO  es.ciudadescolar.Main                    - Alumno encontrado [Alumno [expediente=9999, nombre=Paco, edad=20, curso=DAM2, instituto=IES Ciudad Escolar]]
2024-11-07 13:37:03,008 [main] INFO  es.ciudadescolar.BBDDOO                  - BDD cerrada correctamente... [C:\Users\alumno\eclipse-workspace\curso2425_UD4_BBDDOO\alumnosDB.db4o]
2024-11-07 13:37:03,008 [main] DEBUG es.ciudadescolar.Main                    - Abriendo BDD abierta sin borrar...
2024-11-07 13:37:03,024 [main] INFO  es.ciudadescolar.BBDDOO                  - BDD abierta... [C:\Users\alumno\eclipse-workspace\curso2425_UD4_BBDDOO\alumnosDB.db4o]
2024-11-07 13:37:03,025 [main] INFO  es.ciudadescolar.BBDDOO                  - Visualizando los alumnos obtenidos de la BDD
2024-11-07 13:37:03,026 [main] INFO  es.ciudadescolar.BBDDOO                  - Alumno encontrado [Alumno [expediente=9999, nombre=Paco, edad=20, curso=DAM2, instituto=IES Ciudad Escolar]]
2024-11-07 13:37:03,028 [main] INFO  es.ciudadescolar.BBDDOO                  - BDD cerrada correctamente... [C:\Users\alumno\eclipse-workspace\curso2425_UD4_BBDDOO\alumnosDB.db4o]
2024-11-07 13:37:03,039 [main] INFO  es.ciudadescolar.BBDDOO                  - BDD abierta... [C:\Users\alumno\eclipse-workspace\curso2425_UD4_BBDDOO\alumnosDB.db4o]
2024-11-07 13:37:03,039 [main] DEBUG es.ciudadescolar.Main                    - Se procede a cambiar la edad del alumno con expediente [9999]
2024-11-07 13:37:03,041 [main] DEBUG es.ciudadescolar.BBDDOO                  - Se ha modificado correctamente el alumno.
2024-11-07 13:37:03,041 [main] INFO  es.ciudadescolar.BBDDOO                  - Visualizando los alumnos obtenidos de la BDD
2024-11-07 13:37:03,041 [main] INFO  es.ciudadescolar.BBDDOO                  - Alumno encontrado [Alumno [expediente=9999, nombre=Paco, edad=24, curso=DAM2, instituto=IES Ciudad Escolar]]
2024-11-07 13:37:03,044 [main] DEBUG es.ciudadescolar.BBDDOO                  - Se ha borrado un alumno
2024-11-07 13:37:03,045 [main] INFO  es.ciudadescolar.BBDDOO                  - Visualizando los alumnos obtenidos de la BDD
2024-11-07 13:37:03,050 [main] INFO  es.ciudadescolar.BBDDOO                  - BDD cerrada correctamente... [C:\Users\alumno\eclipse-workspace\curso2425_UD4_BBDDOO\alumnosDB.db4o]
